Sweeping 27 configs × 3 seeds = 81 runs
  [ 1/27] lr=1e-03  alpha=0.4  n=1  → -233.4 ± 54.2   (102s)
  [ 2/27] lr=1e-03  alpha=0.4  n=3  → -218.7 ± 28.6   (178s)
  [ 3/27] lr=1e-03  alpha=0.4  n=5  → -221.5 ± 14.9   (259s)
  [ 4/27] lr=1e-03  alpha=0.6  n=1  → -218.0 ± 30.9   (325s)
  [ 5/27] lr=1e-03  alpha=0.6  n=3  → -230.0 ± 7.5   (400s)
  [ 6/27] lr=1e-03  alpha=0.6  n=5  → -193.5 ± 27.2   (468s)
  [ 7/27] lr=1e-03  alpha=0.8  n=1  → -206.5 ± 68.7   (528s)
  [ 8/27] lr=1e-03  alpha=0.8  n=3  → -223.9 ± 32.7   (597s)
  [ 9/27] lr=1e-03  alpha=0.8  n=5  → -202.7 ± 43.4   (667s)
  [10/27] lr=5e-04  alpha=0.4  n=1  → -150.2 ± 24.1   (734s)
  [11/27] lr=5e-04  alpha=0.4  n=3  → -291.3 ± 33.2   (813s)
  [12/27] lr=5e-04  alpha=0.4  n=5  → -361.0 ± 72.6   (890s)
  [13/27] lr=5e-04  alpha=0.6  n=1  → -167.4 ± 35.8   (942s)
  [14/27] lr=5e-04  alpha=0.6  n=3  → -199.6 ± 51.6   (1000s)
  [15/27] lr=5e-04  alpha=0.6  n=5  → -272.3 ± 24.5   (1079s)
  [16/27] lr=5e-04  alpha=0.8  n=1  → -184.8 ± 34.7   (1138s)
  [17/27] lr=5e-04  alpha=0.8  n=3  → -245.8 ± 29.3   (1218s)
  [18/27] lr=5e-04  alpha=0.8  n=5  → -237.6 ± 104.4   (1287s)
  [19/27] lr=1e-04  alpha=0.4  n=1  → -238.9 ± 51.3   (1365s)
  [20/27] lr=1e-04  alpha=0.4  n=3  → -427.6 ± 70.9   (1468s)
  [21/27] lr=1e-04  alpha=0.4  n=5  → -534.4 ± 88.5   (1585s)
  [22/27] lr=1e-04  alpha=0.6  n=1  → -282.1 ± 24.4   (1672s)
  [23/27] lr=1e-04  alpha=0.6  n=3  → -470.5 ± 92.3   (1781s)
  [24/27] lr=1e-04  alpha=0.6  n=5  → -443.9 ± 27.8   (1894s)
  [25/27] lr=1e-04  alpha=0.8  n=1  → -209.3 ± 49.5   (1954s)
  [26/27] lr=1e-04  alpha=0.8  n=3  → -422.4 ± 55.1   (2046s)
  [27/27] lr=1e-04  alpha=0.8  n=5  → -480.6 ± 59.9   (2140s)

Top 5 configs:
  lr=5e-04  alpha=0.4  n_step=1  mean=-150.2 ± 24.1
  lr=5e-04  alpha=0.6  n_step=1  mean=-167.4 ± 35.8
  lr=5e-04  alpha=0.8  n_step=1  mean=-184.8 ± 34.7
  lr=1e-03  alpha=0.6  n_step=5  mean=-193.5 ± 27.2
  lr=5e-04  alpha=0.6  n_step=3  mean=-199.6 ± 51.6
Heatmap saved → /home/vaibhav/projects/RL_based_routing/experiments/../results/sweep_heatmap.png
